<?xml version="1.0" encoding="UTF-8"?>
<!-- Generated by org.testng.reporters.JUnitXMLReporter -->
<testsuite ignored="0" hostname="Satna" failures="0" tests="3" name="Default test" time="0.201" errors="0" timestamp="2023-08-31T19:32:28 IST">
  <testcase classname="simpleAnnotations.AttributePriorityNumber" name="M1" time="0.019"/>
  <testcase classname="simpleAnnotations.AttributePriorityNumber" name="M2" time="0.005"/>
  <testcase classname="simpleAnnotations.AttributePriorityNumber" name="M3" time="0.01"/>
</testsuite> <!-- Default test -->
