<?xml version="1.0" encoding="UTF-8"?>
<!-- Generated by org.testng.reporters.JUnitXMLReporter -->
<testsuite ignored="2" hostname="Satna" failures="0" tests="1" name="Test" time="0.115" errors="0" timestamp="2023-08-31T19:39:46 IST">
  <testcase classname="simpleAnnotations.groups" name="M1" time="0.016"/>
  <testcase classname="simpleAnnotations.groups" name="M3" time="0.0">
    <ignored/>
  </testcase> <!-- M3 -->
  <testcase classname="simpleAnnotations.groups" name="M2" time="0.0">
    <ignored/>
  </testcase> <!-- M2 -->
</testsuite> <!-- Test -->
