<?xml version="1.0" encoding="UTF-8"?>
<testng-results ignored="0" total="1" passed="1" failed="0" skipped="0">
  <reporter-output>
  </reporter-output>
  <suite started-at="2023-08-31T19:39:46 IST" name="Suite" finished-at="2023-08-31T19:39:46 IST" duration-ms="115">
    <groups>
      <group name="regression">
        <method signature="groups.M1()[pri:0, instance:simpleAnnotations.groups@128d2484]" name="M1" class="simpleAnnotations.groups"/>
      </group> <!-- regression -->
    </groups>
    <test started-at="2023-08-31T19:39:46 IST" name="Test" finished-at="2023-08-31T19:39:46 IST" duration-ms="115">
      <class name="simpleAnnotations.groups">
        <test-method signature="M1()[pri:0, instance:simpleAnnotations.groups@128d2484]" started-at="2023-08-31T19:39:46 IST" name="M1" finished-at="2023-08-31T19:39:46 IST" duration-ms="16" status="PASS">
          <reporter-output>
          </reporter-output>
        </test-method> <!-- M1 -->
      </class> <!-- simpleAnnotations.groups -->
    </test> <!-- Test -->
  </suite> <!-- Suite -->
</testng-results>
